admin['$cmd'].find({:ismaster=>1}, {}).limit(-1)
admin['$cmd'].find({:buildinfo=>1}, {}).limit(-1)


Started GET "/" for 127.0.0.1 at 2011-08-24 09:18:57 -0500
  Processing by DashboardController#index as HTML
Completed   in 1ms


Started GET "/users/sign_in" for 127.0.0.1 at 2011-08-24 09:18:58 -0500
  Processing by Devise::SessionsController#new as HTML
Rendered devise/shared/_links.erb (1.5ms)
Rendered devise/sessions/new.html.erb within layouts/application (18.1ms)
Completed 200 OK in 151ms (Views: 40.7ms)


Started GET "/users/sign_up" for 127.0.0.1 at 2011-08-24 09:19:04 -0500
  Processing by RegistrationsController#new as HTML
Rendered devise/shared/_links.erb (1.5ms)
Rendered registrations/new.html.erb within layouts/application (8.6ms)
Completed 200 OK in 44ms (Views: 35.9ms)


Started POST "/users" for 127.0.0.1 at 2011-08-24 09:19:15 -0500
  Processing by RegistrationsController#create as HTML
  Parameters: {"utf8"=>"✓", "authenticity_token"=>"1ez/kGR2Dm1AI1VG7Z6K+p3JhI2+vAtAydWJNMRdGik=", "user"=>{"name"=>"Xavier", "email"=>"xldenis@gmail.com", "password"=>"[FILTERED]", "password_confirmation"=>"[FILTERED]"}, "commit"=>"Sign up"}
devise_roles_user_management_development['$cmd'].find({"count"=>"users", "query"=>{:email=>/^xldenis@gmail\.com$/i}, "fields"=>nil}, {}).limit(-1)
MONGODB devise_roles_user_management_development['users'].insert([{"email"=>"xldenis@gmail.com", "encrypted_password"=>"$2a$10$zo56LlLiAGTbCp6IPJAXyuSUshtuLmTLVaWLvt5T87SL6yNIalYUG", "password_salt"=>"$2a$10$zo56LlLiAGTbCp6IPJAXyu", "sign_in_count"=>0, "name"=>"Xavier", "_id"=>BSON::ObjectId('4e550863dc8055485d000003'), "role"=>"user"}])
MONGODB devise_roles_user_management_development['users'].update({"_id"=>BSON::ObjectId('4e550863dc8055485d000003')}, {"$set"=>{"last_sign_in_at"=>2011-08-24 14:19:15 UTC, "current_sign_in_at"=>2011-08-24 14:19:15 UTC, "last_sign_in_ip"=>"127.0.0.1", "current_sign_in_ip"=>"127.0.0.1", "sign_in_count"=>1}})
Redirected to http://localhost:3000/
Completed 302 Found in 217ms


Started GET "/" for 127.0.0.1 at 2011-08-24 09:19:15 -0500
  Processing by DashboardController#index as HTML
devise_roles_user_management_development['users'].find({:_id=>BSON::ObjectId('4e550863dc8055485d000003')}, {}).limit(-1)
Rendered dashboard/index.html.erb within layouts/application (3.1ms)
Completed 200 OK in 194ms (Views: 53.7ms)


Started GET "/users/edit" for 127.0.0.1 at 2011-08-24 09:19:18 -0500
  Processing by RegistrationsController#edit as HTML
devise_roles_user_management_development['users'].find({:_id=>BSON::ObjectId('4e550863dc8055485d000003')}, {}).limit(-1)
devise_roles_user_management_development['users'].find({:_id=>BSON::ObjectId('4e550863dc8055485d000003')}, {}).limit(-1)
Rendered registrations/edit.html.erb within layouts/application (8.8ms)
Completed 200 OK in 53ms (Views: 43.5ms)


Started POST "/token_authentications?user_id=4e550863dc8055485d000003" for 127.0.0.1 at 2011-08-24 09:19:25 -0500
  Processing by TokenAuthenticationsController#create as HTML
  Parameters: {"authenticity_token"=>"1ez/kGR2Dm1AI1VG7Z6K+p3JhI2+vAtAydWJNMRdGik=", "user_id"=>"4e550863dc8055485d000003"}
devise_roles_user_management_development['users'].find({:_id=>BSON::ObjectId('4e550863dc8055485d000003')}, {}).limit(-1)
Redirected to http://localhost:3000/users/edit.4e550863dc8055485d000003
Completed 302 Found in 2ms


Started GET "/users/edit.4e550863dc8055485d000003" for 127.0.0.1 at 2011-08-24 09:19:26 -0500
  Processing by RegistrationsController#edit as 
devise_roles_user_management_development['users'].find({:_id=>BSON::ObjectId('4e550863dc8055485d000003')}, {}).limit(-1)
devise_roles_user_management_development['users'].find({:_id=>BSON::ObjectId('4e550863dc8055485d000003')}, {}).limit(-1)
Rendered registrations/edit.html.erb within layouts/application (8.6ms)
Completed 200 OK in 72ms (Views: 36.0ms)
admin['$cmd'].find({:ismaster=>1}, {}).limit(-1)
admin['$cmd'].find({:buildinfo=>1}, {}).limit(-1)
devise_roles_user_management_development['users'].find({}, {}).limit(-1)
devise_roles_user_management_development['users'].find({}, {}).limit(-1)
devise_roles_user_management_development['users'].find({}, {}).limit(-1)
devise_roles_user_management_development['$cmd'].find({"count"=>"users", "query"=>{:email=>/^xldenis@gmail\.com$/i, :_id=>{"$ne"=>BSON::ObjectId('4e550863dc8055485d000003')}}, "fields"=>nil}, {}).limit(-1)
admin['$cmd'].find({:ismaster=>1}, {}).limit(-1)
admin['$cmd'].find({:buildinfo=>1}, {}).limit(-1)


Started GET "/" for 127.0.0.1 at 2011-08-24 09:25:55 -0500
  Processing by DashboardController#index as HTML
devise_roles_user_management_development['users'].find({:_id=>BSON::ObjectId('4e550863dc8055485d000003')}, {}).limit(-1)
Rendered dashboard/index.html.erb within layouts/application (70.0ms)
Completed 200 OK in 1494ms (Views: 178.1ms)
admin['$cmd'].find({:ismaster=>1}, {}).limit(-1)
admin['$cmd'].find({:buildinfo=>1}, {}).limit(-1)
devise_roles_user_management_development['users'].find({}, {}).limit(-1)
devise_roles_user_management_development['users'].find({}, {}).limit(-1)
devise_roles_user_management_development['$cmd'].find({"count"=>"users", "query"=>{:email=>/^xldenis@gmail\.com$/i, :_id=>{"$ne"=>BSON::ObjectId('4e550863dc8055485d000003')}}, "fields"=>nil}, {}).limit(-1)
MONGODB devise_roles_user_management_development['users'].update({"_id"=>BSON::ObjectId('4e550863dc8055485d000003')}, {"$set"=>{"role"=>"admin"}})
admin['$cmd'].find({:ismaster=>1}, {}).limit(-1)
admin['$cmd'].find({:buildinfo=>1}, {}).limit(-1)


Started GET "/" for 127.0.0.1 at 2011-08-24 09:27:26 -0500
  Processing by DashboardController#index as HTML
devise_roles_user_management_development['users'].find({:_id=>BSON::ObjectId('4e550863dc8055485d000003')}, {}).limit(-1)
devise_roles_user_management_development['users'].find({:_id=>{"$ne"=>BSON::ObjectId('4e550863dc8055485d000003')}}, {})
Rendered dashboard/index.html.erb within layouts/application (34.2ms)
Completed 200 OK in 41ms (Views: 39.7ms)
admin['$cmd'].find({:ismaster=>1}, {}).limit(-1)
admin['$cmd'].find({:buildinfo=>1}, {}).limit(-1)
admin['$cmd'].find({:ismaster=>1}, {}).limit(-1)
admin['$cmd'].find({:buildinfo=>1}, {}).limit(-1)
admin['$cmd'].find({:ismaster=>1}, {}).limit(-1)
admin['$cmd'].find({:buildinfo=>1}, {}).limit(-1)
admin['$cmd'].find({:ismaster=>1}, {}).limit(-1)
admin['$cmd'].find({:buildinfo=>1}, {}).limit(-1)
admin['$cmd'].find({:ismaster=>1}, {}).limit(-1)
admin['$cmd'].find({:buildinfo=>1}, {}).limit(-1)


Started GET "/" for 127.0.0.1 at 2011-08-24 13:07:45 -0500
  Processing by DashboardController#index as HTML
devise_roles_user_management_development['users'].find({:_id=>BSON::ObjectId('4e550863dc8055485d000003')}, {}).limit(-1)
devise_roles_user_management_development['users'].find({:_id=>{"$ne"=>BSON::ObjectId('4e550863dc8055485d000003')}}, {})
Rendered dashboard/index.html.erb within layouts/application (93.5ms)
Completed 200 OK in 226ms (Views: 145.7ms)


Started GET "/articles/new" for 127.0.0.1 at 2011-08-24 13:09:14 -0500

SyntaxError (/home/xavier/Ruby/Liberator/app/controllers/articles_controller.rb:28: syntax error, unexpected tASSOC, expecting keyword_end
      flash[:notice] => "Article Successfully Updated."
                       ^
/home/xavier/Ruby/Liberator/app/controllers/articles_controller.rb:31: syntax error, unexpected tASSOC, expecting keyword_end
      flash[:error] => "Something is wrong."
                      ^):
  

Rendered /home/xavier/.rvm/gems/ruby-1.9.2-p290@rails31/gems/actionpack-3.0.3/lib/action_dispatch/middleware/templates/rescues/_trace.erb (1.5ms)
Rendered /home/xavier/.rvm/gems/ruby-1.9.2-p290@rails31/gems/actionpack-3.0.3/lib/action_dispatch/middleware/templates/rescues/_request_and_response.erb (15.1ms)
Rendered /home/xavier/.rvm/gems/ruby-1.9.2-p290@rails31/gems/actionpack-3.0.3/lib/action_dispatch/middleware/templates/rescues/diagnostics.erb within rescues/layout (22.7ms)
admin['$cmd'].find({:ismaster=>1}, {}).limit(-1)
admin['$cmd'].find({:buildinfo=>1}, {}).limit(-1)


Started GET "/articles/new" for 127.0.0.1 at 2011-08-24 13:10:11 -0500
  Processing by ArticlesController#new as HTML
Rendered articles/new.html.erb within layouts/application (48.7ms)
Completed   in 111ms

ActionView::Template::Error (wrong number of arguments (0 for 1)):
    4: <%= f.text_field :title %>
    5: <p><%= f.label :slug%></p>
    6: <%= f.text_field :slug %>
    7: <p><%= f.label %></p>
    8: <%= f.text_field :content%>
    9: <%= f.submit %>
    10: <% end %>
  app/views/articles/new.html.erb:7:in `block in _app_views_articles_new_html_erb___3511552218322590684_22192040__2218454195755237900'
  app/views/articles/new.html.erb:1:in `_app_views_articles_new_html_erb___3511552218322590684_22192040__2218454195755237900'

Rendered /home/xavier/.rvm/gems/ruby-1.9.2-p290@rails31/gems/actionpack-3.0.3/lib/action_dispatch/middleware/templates/rescues/_trace.erb (1.2ms)
Rendered /home/xavier/.rvm/gems/ruby-1.9.2-p290@rails31/gems/actionpack-3.0.3/lib/action_dispatch/middleware/templates/rescues/_request_and_response.erb (78.4ms)
Rendered /home/xavier/.rvm/gems/ruby-1.9.2-p290@rails31/gems/actionpack-3.0.3/lib/action_dispatch/middleware/templates/rescues/template_error.erb within rescues/layout (110.4ms)
admin['$cmd'].find({:ismaster=>1}, {}).limit(-1)
admin['$cmd'].find({:buildinfo=>1}, {}).limit(-1)


Started GET "/articles/new" for 127.0.0.1 at 2011-08-24 13:11:12 -0500
  Processing by ArticlesController#new as HTML
DEPRECATION WARNING: <% %> style block helpers are deprecated. Please use <%= %>. (called from _app_views_articles_new_html_erb__3542095403199395700_21689520__4444885003530196919 at /home/xavier/Ruby/Liberator/app/views/articles/new.html.erb:1)
devise_roles_user_management_development['users'].find({:_id=>BSON::ObjectId('4e550863dc8055485d000003')}, {}).limit(-1)
Rendered articles/new.html.erb within layouts/application (7.2ms)
Completed 200 OK in 13ms (Views: 12.1ms)


Started POST "/articles" for 127.0.0.1 at 2011-08-24 13:11:24 -0500
  Processing by ArticlesController#create as HTML
  Parameters: {"utf8"=>"✓", "authenticity_token"=>"1ez/kGR2Dm1AI1VG7Z6K+p3JhI2+vAtAydWJNMRdGik=", "article"=>{"title"=>"A", "slug"=>"n", "content"=>"T"}, "commit"=>"Create Article"}
Redirected to http://localhost:3000/articles
Completed 302 Found in 2ms


Started GET "/articles" for 127.0.0.1 at 2011-08-24 13:11:24 -0500

AbstractController::ActionNotFound (The action 'index' could not be found for ArticlesController):
  

Rendered /home/xavier/.rvm/gems/ruby-1.9.2-p290@rails31/gems/actionpack-3.0.3/lib/action_dispatch/middleware/templates/rescues/unknown_action.erb within rescues/layout (0.8ms)
admin['$cmd'].find({:ismaster=>1}, {}).limit(-1)
admin['$cmd'].find({:buildinfo=>1}, {}).limit(-1)


Started GET "/articles" for 127.0.0.1 at 2011-08-24 13:14:50 -0500
  Processing by ArticlesController#index as HTML
devise_roles_user_management_development['articles'].find({}, {})
devise_roles_user_management_development['users'].find({:_id=>BSON::ObjectId('4e550863dc8055485d000003')}, {}).limit(-1)
Rendered articles/index.html.erb within layouts/application (6.0ms)
Completed 200 OK in 12ms (Views: 11.1ms)


Started GET "/articles/1" for 127.0.0.1 at 2011-08-24 13:14:59 -0500
  Processing by ArticlesController#show as HTML
  Parameters: {"id"=>"1"}
Completed   in 1ms

BSON::InvalidObjectId (illegal ObjectId format):
  app/controllers/articles_controller.rb:21:in `show'

Rendered /home/xavier/.rvm/gems/ruby-1.9.2-p290@rails31/gems/actionpack-3.0.3/lib/action_dispatch/middleware/templates/rescues/_trace.erb (1.2ms)
Rendered /home/xavier/.rvm/gems/ruby-1.9.2-p290@rails31/gems/actionpack-3.0.3/lib/action_dispatch/middleware/templates/rescues/_request_and_response.erb (84.4ms)
Rendered /home/xavier/.rvm/gems/ruby-1.9.2-p290@rails31/gems/actionpack-3.0.3/lib/action_dispatch/middleware/templates/rescues/diagnostics.erb within rescues/layout (91.8ms)


Started GET "/articles/" for 127.0.0.1 at 2011-08-24 13:18:24 -0500
  Processing by ArticlesController#index as HTML
devise_roles_user_management_development['articles'].find({}, {})
devise_roles_user_management_development['users'].find({:_id=>BSON::ObjectId('4e550863dc8055485d000003')}, {}).limit(-1)
Rendered articles/index.html.erb within layouts/application (167.7ms)
Completed 200 OK in 196ms (Views: 196.0ms)
admin['$cmd'].find({:ismaster=>1}, {}).limit(-1)
admin['$cmd'].find({:buildinfo=>1}, {}).limit(-1)
devise_roles_user_management_development['articles'].find({}, {}).limit(-1)
devise_roles_user_management_development['users'].find({}, {}).limit(-1)
admin['$cmd'].find({:ismaster=>1}, {}).limit(-1)
admin['$cmd'].find({:buildinfo=>1}, {}).limit(-1)
admin['$cmd'].find({:ismaster=>1}, {}).limit(-1)
admin['$cmd'].find({:buildinfo=>1}, {}).limit(-1)
devise_roles_user_management_development['$cmd'].find({"count"=>"users", "query"=>{}, "fields"=>nil}, {}).limit(-1)
devise_roles_user_management_development['$cmd'].find({"count"=>"articles", "query"=>{}, "fields"=>nil}, {}).limit(-1)


Started GET "/" for 127.0.0.1 at 2011-08-24 15:28:01 -0500
  Processing by DashboardController#index as HTML
devise_roles_user_management_development['users'].find({:_id=>BSON::ObjectId('4e550863dc8055485d000003')}, {}).limit(-1)
devise_roles_user_management_development['users'].find({:_id=>{"$ne"=>BSON::ObjectId('4e550863dc8055485d000003')}}, {})
Rendered dashboard/index.html.erb within layouts/application (464.6ms)
Completed 200 OK in 1384ms (Views: 872.4ms)


Started GET "/articles/" for 127.0.0.1 at 2011-08-24 15:29:06 -0500
  Processing by ArticlesController#index as HTML
devise_roles_user_management_development['articles'].find({}, {})
devise_roles_user_management_development['users'].find({:_id=>BSON::ObjectId('4e550863dc8055485d000003')}, {}).limit(-1)
Rendered articles/index.html.erb within layouts/application (100.2ms)
Completed 200 OK in 150ms (Views: 149.9ms)


Started GET "/articles/new" for 127.0.0.1 at 2011-08-24 15:29:12 -0500
  Processing by ArticlesController#new as HTML
DEPRECATION WARNING: <% %> style block helpers are deprecated. Please use <%= %>. (called from _app_views_articles_new_html_erb___423609460578026276_38627880__3699754289694467326 at /home/xavier/Ruby/Liberator/app/views/articles/new.html.erb:1)
devise_roles_user_management_development['users'].find({:_id=>BSON::ObjectId('4e550863dc8055485d000003')}, {}).limit(-1)
Rendered articles/new.html.erb within layouts/application (7.2ms)
Completed 200 OK in 33ms (Views: 23.5ms)


Started POST "/articles" for 127.0.0.1 at 2011-08-24 15:29:16 -0500
  Processing by ArticlesController#create as HTML
  Parameters: {"utf8"=>"✓", "authenticity_token"=>"1ez/kGR2Dm1AI1VG7Z6K+p3JhI2+vAtAydWJNMRdGik=", "article"=>{"title"=>"a", "slug"=>"a", "content"=>"sd"}, "commit"=>"Create Article"}
Redirected to http://localhost:3000/articles
Completed 302 Found in 2ms


Started GET "/articles" for 127.0.0.1 at 2011-08-24 15:29:16 -0500
  Processing by ArticlesController#index as HTML
devise_roles_user_management_development['articles'].find({}, {})
devise_roles_user_management_development['users'].find({:_id=>BSON::ObjectId('4e550863dc8055485d000003')}, {}).limit(-1)
Rendered articles/index.html.erb within layouts/application (5.0ms)
Completed 200 OK in 10ms (Views: 9.8ms)


Started GET "/articles" for 127.0.0.1 at 2011-08-24 15:29:20 -0500
  Processing by ArticlesController#index as HTML
devise_roles_user_management_development['articles'].find({}, {})
devise_roles_user_management_development['users'].find({:_id=>BSON::ObjectId('4e550863dc8055485d000003')}, {}).limit(-1)
Rendered articles/index.html.erb within layouts/application (4.3ms)
Completed 200 OK in 9ms (Views: 8.8ms)


Started GET "/user/new" for 127.0.0.1 at 2011-08-24 15:29:23 -0500
  Processing by UserController#new as HTML
devise_roles_user_management_development['users'].find({:_id=>BSON::ObjectId('4e550863dc8055485d000003')}, {}).limit(-1)
Rendered user/_form.html.erb (3.7ms)
Rendered user/new.html.erb within layouts/application (37.4ms)
Completed 200 OK in 103ms (Views: 74.4ms)


Started POST "/user" for 127.0.0.1 at 2011-08-24 15:29:37 -0500
  Processing by UserController#create as HTML
  Parameters: {"utf8"=>"✓", "authenticity_token"=>"1ez/kGR2Dm1AI1VG7Z6K+p3JhI2+vAtAydWJNMRdGik=", "user"=>{"name"=>"aaa", "email"=>"aaaa@ffff.com", "password"=>"[FILTERED]", "password_confirmation"=>"[FILTERED]", "role"=>""}, "commit"=>"Submit"}
devise_roles_user_management_development['users'].find({:_id=>BSON::ObjectId('4e550863dc8055485d000003')}, {}).limit(-1)
devise_roles_user_management_development['$cmd'].find({"count"=>"users", "query"=>{:email=>/^aaaa@ffff\.com$/i}, "fields"=>nil}, {}).limit(-1)
Rendered user/_form.html.erb (103.7ms)
Rendered user/new.html.erb within layouts/application (108.5ms)
Completed 200 OK in 1382ms (Views: 113.0ms)


Started POST "/user" for 127.0.0.1 at 2011-08-24 15:29:48 -0500
  Processing by UserController#create as HTML
  Parameters: {"utf8"=>"✓", "authenticity_token"=>"1ez/kGR2Dm1AI1VG7Z6K+p3JhI2+vAtAydWJNMRdGik=", "user"=>{"name"=>"aaa", "email"=>"aaaa@ffff.com", "password"=>"[FILTERED]", "password_confirmation"=>"[FILTERED]", "role"=>"user"}, "commit"=>"Submit"}
devise_roles_user_management_development['users'].find({:_id=>BSON::ObjectId('4e550863dc8055485d000003')}, {}).limit(-1)
devise_roles_user_management_development['$cmd'].find({"count"=>"users", "query"=>{:email=>/^aaaa@ffff\.com$/i}, "fields"=>nil}, {}).limit(-1)
Rendered user/_form.html.erb (4.5ms)
Rendered user/new.html.erb within layouts/application (9.2ms)
Completed 200 OK in 211ms (Views: 13.6ms)


Started POST "/user" for 127.0.0.1 at 2011-08-24 15:29:52 -0500
  Processing by UserController#create as HTML
  Parameters: {"utf8"=>"✓", "authenticity_token"=>"1ez/kGR2Dm1AI1VG7Z6K+p3JhI2+vAtAydWJNMRdGik=", "user"=>{"name"=>"aaa", "email"=>"aaaa@ffff.com", "password"=>"[FILTERED]", "password_confirmation"=>"[FILTERED]", "role"=>"user"}, "commit"=>"Submit"}
devise_roles_user_management_development['users'].find({:_id=>BSON::ObjectId('4e550863dc8055485d000003')}, {}).limit(-1)
devise_roles_user_management_development['$cmd'].find({"count"=>"users", "query"=>{:email=>/^aaaa@ffff\.com$/i}, "fields"=>nil}, {}).limit(-1)
Rendered user/_form.html.erb (4.5ms)
Rendered user/new.html.erb within layouts/application (8.9ms)
Completed 200 OK in 212ms (Views: 13.4ms)


Started POST "/user" for 127.0.0.1 at 2011-08-24 15:30:00 -0500
  Processing by UserController#create as HTML
  Parameters: {"utf8"=>"✓", "authenticity_token"=>"1ez/kGR2Dm1AI1VG7Z6K+p3JhI2+vAtAydWJNMRdGik=", "user"=>{"name"=>"aaa", "email"=>"aaaa@ffff.com", "password"=>"[FILTERED]", "password_confirmation"=>"[FILTERED]", "role"=>"user"}, "commit"=>"Submit"}
devise_roles_user_management_development['users'].find({:_id=>BSON::ObjectId('4e550863dc8055485d000003')}, {}).limit(-1)
devise_roles_user_management_development['$cmd'].find({"count"=>"users", "query"=>{:email=>/^aaaa@ffff\.com$/i}, "fields"=>nil}, {}).limit(-1)
devise_roles_user_management_development['articles'].find({"user_id"=>BSON::ObjectId('4e555f48dc805561ec00000c')}, {})
MONGODB devise_roles_user_management_development['users'].insert([{"email"=>"aaaa@ffff.com", "encrypted_password"=>"$2a$10$ajHfUnzAAsDV.8qhVPbv4.cRrbFhfghv7d2T3sWM5K9486E.UF5gu", "password_salt"=>"$2a$10$ajHfUnzAAsDV.8qhVPbv4.", "sign_in_count"=>0, "name"=>"aaa", "role"=>"user", "_id"=>BSON::ObjectId('4e555f48dc805561ec00000c')}])
Redirected to http://localhost:3000/
Completed 302 Found in 238ms


Started GET "/" for 127.0.0.1 at 2011-08-24 15:30:01 -0500
  Processing by DashboardController#index as HTML
devise_roles_user_management_development['users'].find({:_id=>BSON::ObjectId('4e550863dc8055485d000003')}, {}).limit(-1)
devise_roles_user_management_development['users'].find({:_id=>{"$ne"=>BSON::ObjectId('4e550863dc8055485d000003')}}, {})
Rendered dashboard/index.html.erb within layouts/application (22.3ms)
Completed 200 OK in 38ms (Views: 37.2ms)


Started GET "/articles/" for 127.0.0.1 at 2011-08-24 15:30:09 -0500
  Processing by ArticlesController#index as HTML
devise_roles_user_management_development['articles'].find({}, {})
devise_roles_user_management_development['users'].find({:_id=>BSON::ObjectId('4e550863dc8055485d000003')}, {}).limit(-1)
Rendered articles/index.html.erb within layouts/application (4.5ms)
Completed 200 OK in 10ms (Views: 9.2ms)
admin['$cmd'].find({:ismaster=>1}, {}).limit(-1)
admin['$cmd'].find({:buildinfo=>1}, {}).limit(-1)
devise_roles_user_management_development['$cmd'].find({"count"=>"users", "query"=>{}, "fields"=>nil}, {}).limit(-1)
devise_roles_user_management_development['$cmd'].find({"count"=>"articles", "query"=>{}, "fields"=>nil}, {}).limit(-1)


Started GET "/articles/new" for 127.0.0.1 at 2011-08-24 15:33:05 -0500
  Processing by ArticlesController#new as HTML
DEPRECATION WARNING: <% %> style block helpers are deprecated. Please use <%= %>. (called from _app_views_articles_new_html_erb___423609460578026276_37897060__3699754289694467326 at /home/xavier/Ruby/Liberator/app/views/articles/new.html.erb:1)
devise_roles_user_management_development['users'].find({:_id=>BSON::ObjectId('4e550863dc8055485d000003')}, {}).limit(-1)
Rendered articles/new.html.erb within layouts/application (38.3ms)
Completed 200 OK in 95ms (Views: 94.6ms)


Started POST "/articles" for 127.0.0.1 at 2011-08-24 15:33:10 -0500
  Processing by ArticlesController#create as HTML
  Parameters: {"utf8"=>"✓", "authenticity_token"=>"1ez/kGR2Dm1AI1VG7Z6K+p3JhI2+vAtAydWJNMRdGik=", "article"=>{"title"=>"a", "slug"=>"a", "content"=>"a"}, "commit"=>"Create Article"}
Completed   in 399ms

NoMethodError (undefined method `put' for #<ArticlesController:0x00000004916c30>):
  app/controllers/articles_controller.rb:7:in `create'

Rendered /home/xavier/.rvm/gems/ruby-1.9.2-p290@rails31/gems/actionpack-3.0.3/lib/action_dispatch/middleware/templates/rescues/_trace.erb (1.3ms)
Rendered /home/xavier/.rvm/gems/ruby-1.9.2-p290@rails31/gems/actionpack-3.0.3/lib/action_dispatch/middleware/templates/rescues/_request_and_response.erb (169.9ms)
Rendered /home/xavier/.rvm/gems/ruby-1.9.2-p290@rails31/gems/actionpack-3.0.3/lib/action_dispatch/middleware/templates/rescues/diagnostics.erb within rescues/layout (177.7ms)


Started POST "/articles" for 127.0.0.1 at 2011-08-24 15:33:23 -0500
  Processing by ArticlesController#create as HTML
  Parameters: {"utf8"=>"✓", "authenticity_token"=>"1ez/kGR2Dm1AI1VG7Z6K+p3JhI2+vAtAydWJNMRdGik=", "article"=>{"title"=>"a", "slug"=>"a", "content"=>"a"}, "commit"=>"Create Article"}
MONGODB devise_roles_user_management_development['articles'].insert([{"_id"=>BSON::ObjectId('4e556013dc805561ec00000f'), "title"=>"a", "slug"=>"a", "content"=>"a", "user_id"=>nil}])
Redirected to http://localhost:3000/articles/4e556013dc805561ec00000f
Completed 302 Found in 3ms


Started GET "/articles/4e556013dc805561ec00000f" for 127.0.0.1 at 2011-08-24 15:33:23 -0500
  Processing by ArticlesController#show as HTML
  Parameters: {"id"=>"4e556013dc805561ec00000f"}
devise_roles_user_management_development['articles'].find({:_id=>BSON::ObjectId('4e556013dc805561ec00000f')}, {}).limit(-1)
devise_roles_user_management_development['users'].find({:_id=>BSON::ObjectId('4e550863dc8055485d000003')}, {}).limit(-1)
Rendered articles/show.html.erb within layouts/application (3.7ms)
Completed 200 OK in 178ms (Views: 24.8ms)


Started GET "/articles/" for 127.0.0.1 at 2011-08-24 15:33:38 -0500
  Processing by ArticlesController#index as HTML
devise_roles_user_management_development['articles'].find({}, {})
Rendered articles/index.html.erb within layouts/application (34.9ms)
Completed   in 56ms

ActionView::Template::Error (undefined method `name' for #<Article:0x0000000463f908>):
    1: <% @article.each do |article| %>
    2: 
    3: <p><%= article.name %></p>
    4: 
    5: <% end %>
  app/views/articles/index.html.erb:3:in `block in _app_views_articles_index_html_erb___3924776619120819439_36870660__3699754289694467326'
  app/views/articles/index.html.erb:1:in `_app_views_articles_index_html_erb___3924776619120819439_36870660__3699754289694467326'

Rendered /home/xavier/.rvm/gems/ruby-1.9.2-p290@rails31/gems/actionpack-3.0.3/lib/action_dispatch/middleware/templates/rescues/_trace.erb (1.4ms)
Rendered /home/xavier/.rvm/gems/ruby-1.9.2-p290@rails31/gems/actionpack-3.0.3/lib/action_dispatch/middleware/templates/rescues/_request_and_response.erb (80.8ms)
Rendered /home/xavier/.rvm/gems/ruby-1.9.2-p290@rails31/gems/actionpack-3.0.3/lib/action_dispatch/middleware/templates/rescues/template_error.erb within rescues/layout (87.0ms)
admin['$cmd'].find({:ismaster=>1}, {}).limit(-1)
admin['$cmd'].find({:buildinfo=>1}, {}).limit(-1)


Started GET "/" for 127.0.0.1 at 2011-08-25 11:48:40 -0500
  Processing by DashboardController#index as HTML
Completed   in 1ms


Started GET "/users/sign_in" for 127.0.0.1 at 2011-08-25 11:48:41 -0500
  Processing by Devise::SessionsController#new as HTML
Rendered devise/shared/_links.erb (1.5ms)
Rendered devise/sessions/new.html.erb within layouts/application (20.3ms)
Completed 200 OK in 99ms (Views: 34.8ms)


Started GET "/users/sign_up" for 127.0.0.1 at 2011-08-25 11:48:44 -0500
  Processing by RegistrationsController#new as HTML
Rendered devise/shared/_links.erb (1.4ms)
Rendered registrations/new.html.erb within layouts/application (8.1ms)
Completed 200 OK in 51ms (Views: 43.1ms)


Started POST "/users" for 127.0.0.1 at 2011-08-25 11:48:53 -0500
  Processing by RegistrationsController#create as HTML
  Parameters: {"utf8"=>"✓", "authenticity_token"=>"Nba1r602S/1EePe3/kKdf15H5WFNrzgjpYjXNR19KSs=", "user"=>{"name"=>"X", "email"=>"xldenis@gmail.com", "password"=>"[FILTERED]", "password_confirmation"=>"[FILTERED]"}, "commit"=>"Sign up"}
devise_roles_user_management_development['$cmd'].find({"count"=>"users", "query"=>{:email=>/^xldenis@gmail\.com$/i}, "fields"=>nil}, {}).limit(-1)
Rendered devise/shared/_links.erb (1.4ms)
Rendered registrations/new.html.erb within layouts/application (8.8ms)
Completed 200 OK in 574ms (Views: 14.2ms)


Started GET "/users/sign_in" for 127.0.0.1 at 2011-08-25 11:49:03 -0500
  Processing by Devise::SessionsController#new as HTML
Rendered devise/shared/_links.erb (1.6ms)
Rendered devise/sessions/new.html.erb within layouts/application (7.8ms)
Completed 200 OK in 18ms (Views: 12.1ms)


Started POST "/users/sign_in" for 127.0.0.1 at 2011-08-25 11:49:08 -0500
  Processing by Devise::SessionsController#create as HTML
  Parameters: {"utf8"=>"✓", "authenticity_token"=>"Nba1r602S/1EePe3/kKdf15H5WFNrzgjpYjXNR19KSs=", "user"=>{"email"=>"xldenis@gmail.com", "password"=>"[FILTERED]", "remember_me"=>"0"}, "commit"=>"Sign in"}
devise_roles_user_management_development['users'].find({"email"=>"xldenis@gmail.com"}, {}).limit(-1)
MONGODB devise_roles_user_management_development['users'].update({"_id"=>BSON::ObjectId('4e550863dc8055485d000003')}, {"$set"=>{"current_sign_in_at"=>2011-08-25 16:49:08 UTC, "sign_in_count"=>2}})
Redirected to http://localhost:3000/
Completed 302 Found in 127ms


Started GET "/" for 127.0.0.1 at 2011-08-25 11:49:08 -0500
  Processing by DashboardController#index as HTML
devise_roles_user_management_development['users'].find({:_id=>BSON::ObjectId('4e550863dc8055485d000003')}, {}).limit(-1)
devise_roles_user_management_development['users'].find({:_id=>{"$ne"=>BSON::ObjectId('4e550863dc8055485d000003')}}, {})
Rendered dashboard/index.html.erb within layouts/application (5.1ms)
Completed 200 OK in 37ms (Views: 35.7ms)


Started GET "/" for 127.0.0.1 at 2011-08-25 11:49:12 -0500
  Processing by DashboardController#index as HTML
devise_roles_user_management_development['users'].find({:_id=>BSON::ObjectId('4e550863dc8055485d000003')}, {}).limit(-1)
devise_roles_user_management_development['users'].find({:_id=>{"$ne"=>BSON::ObjectId('4e550863dc8055485d000003')}}, {})
Rendered dashboard/index.html.erb within layouts/application (5.0ms)
Completed 200 OK in 11ms (Views: 9.7ms)


Started GET "/articles/" for 127.0.0.1 at 2011-08-25 11:49:15 -0500
  Processing by ArticlesController#index as HTML
devise_roles_user_management_development['articles'].find({}, {})
devise_roles_user_management_development['users'].find({:_id=>BSON::ObjectId('4e550863dc8055485d000003')}, {}).limit(-1)
Rendered articles/index.html.erb within layouts/application (5.8ms)
Completed 200 OK in 55ms (Views: 54.6ms)


Started GET "/articles/new" for 127.0.0.1 at 2011-08-25 11:49:23 -0500
  Processing by ArticlesController#new as HTML
DEPRECATION WARNING: <% %> style block helpers are deprecated. Please use <%= %>. (called from _app_views_articles_new_html_erb___4311755836355962791_33658220__2288793860518378780 at /home/xavier/Ruby/Liberator/app/views/articles/new.html.erb:1)
devise_roles_user_management_development['users'].find({:_id=>BSON::ObjectId('4e550863dc8055485d000003')}, {}).limit(-1)
Rendered articles/new.html.erb within layouts/application (7.2ms)
Completed 200 OK in 24ms (Views: 23.5ms)


Started POST "/articles" for 127.0.0.1 at 2011-08-25 11:49:30 -0500
  Processing by ArticlesController#create as HTML
  Parameters: {"utf8"=>"✓", "authenticity_token"=>"Nba1r602S/1EePe3/kKdf15H5WFNrzgjpYjXNR19KSs=", "article"=>{"title"=>"New Article", "slug"=>"tes", "content"=>"teasd"}, "commit"=>"Create Article"}
MONGODB devise_roles_user_management_development['articles'].insert([{"_id"=>BSON::ObjectId('4e567d1adc805533e6000006'), "title"=>"New Article", "slug"=>"tes", "content"=>"teasd", "user_id"=>nil}])
Redirected to http://localhost:3000/articles/4e567d1adc805533e6000006
Completed 302 Found in 3ms


Started GET "/articles/4e567d1adc805533e6000006" for 127.0.0.1 at 2011-08-25 11:49:30 -0500
  Processing by ArticlesController#show as HTML
  Parameters: {"id"=>"4e567d1adc805533e6000006"}
devise_roles_user_management_development['articles'].find({:_id=>BSON::ObjectId('4e567d1adc805533e6000006')}, {}).limit(-1)
devise_roles_user_management_development['users'].find({:_id=>BSON::ObjectId('4e550863dc8055485d000003')}, {}).limit(-1)
Rendered articles/show.html.erb within layouts/application (3.7ms)
Completed 200 OK in 48ms (Views: 46.6ms)


Started GET "/articles/" for 127.0.0.1 at 2011-08-25 11:49:37 -0500
  Processing by ArticlesController#index as HTML
devise_roles_user_management_development['articles'].find({}, {})
devise_roles_user_management_development['users'].find({:_id=>BSON::ObjectId('4e550863dc8055485d000003')}, {}).limit(-1)
Rendered articles/index.html.erb within layouts/application (4.9ms)
Completed 200 OK in 10ms (Views: 9.3ms)


Started GET "/users/edit" for 127.0.0.1 at 2011-08-25 11:49:48 -0500
  Processing by RegistrationsController#edit as HTML
devise_roles_user_management_development['users'].find({:_id=>BSON::ObjectId('4e550863dc8055485d000003')}, {}).limit(-1)
devise_roles_user_management_development['users'].find({:_id=>BSON::ObjectId('4e550863dc8055485d000003')}, {}).limit(-1)
Rendered registrations/edit.html.erb within layouts/application (12.9ms)
Completed 200 OK in 45ms (Views: 35.9ms)
